Jul-11 22:49:11.639 [main] DEBUG nextflow.cli.Launcher - $> nextflow run main.nf config local
Jul-11 22:49:11.795 [main] DEBUG nextflow.cli.CmdRun - N E X T F L O W  ~  version 25.04.6
Jul-11 22:49:11.828 [main] DEBUG nextflow.plugin.PluginsFacade - Setting up plugin manager > mode=prod; embedded=false; plugins-dir=/home/jseba/.nextflow/plugins; core-plugins: nf-amazon@2.15.0,nf-azure@1.16.0,nf-cloudcache@0.4.3,nf-codecommit@0.2.3,nf-console@1.2.1,nf-google@1.21.1,nf-k8s@1.0.0,nf-tower@1.11.4,nf-wave@1.12.1
Jul-11 22:49:11.864 [main] INFO  o.pf4j.DefaultPluginStatusProvider - Enabled plugins: []
Jul-11 22:49:11.866 [main] INFO  o.pf4j.DefaultPluginStatusProvider - Disabled plugins: []
Jul-11 22:49:11.870 [main] INFO  org.pf4j.DefaultPluginManager - PF4J version 3.12.0 in 'deployment' mode
Jul-11 22:49:11.890 [main] INFO  org.pf4j.AbstractPluginManager - No plugins
Jul-11 22:49:11.922 [main] DEBUG nextflow.config.ConfigBuilder - Found config local: /home/jseba/Documents/UTEM/semester_3/tap/tarea-2/Tarea2-repo/nextflow/nextflow.config
Jul-11 22:49:11.926 [main] DEBUG nextflow.config.ConfigBuilder - Parsing config file: /home/jseba/Documents/UTEM/semester_3/tap/tarea-2/Tarea2-repo/nextflow/nextflow.config
Jul-11 22:49:11.976 [main] DEBUG n.secret.LocalSecretsProvider - Secrets store: /home/jseba/.nextflow/secrets/store.json
Jul-11 22:49:11.982 [main] DEBUG nextflow.secret.SecretsLoader - Discovered secrets providers: [nextflow.secret.LocalSecretsProvider@3bc735b3] - activable => nextflow.secret.LocalSecretsProvider@3bc735b3
Jul-11 22:49:11.991 [main] DEBUG nextflow.config.ConfigBuilder - Applying config profile: `standard`
Jul-11 22:49:12.788 [main] DEBUG nextflow.cli.CmdRun - Applied DSL=2 from script declaration
Jul-11 22:49:12.811 [main] DEBUG nextflow.cli.CmdRun - Launching `main.nf` [elegant_plateau] DSL2 - revision: a1ca2af0c9
Jul-11 22:49:12.814 [main] DEBUG nextflow.plugin.PluginsFacade - Plugins default=[]
Jul-11 22:49:12.814 [main] DEBUG nextflow.plugin.PluginsFacade - Plugins resolved requirement=[]
Jul-11 22:49:12.895 [main] DEBUG nextflow.Session - Session UUID: be126a55-361f-43d5-8b85-4fc6a073a6b9
Jul-11 22:49:12.895 [main] DEBUG nextflow.Session - Run name: elegant_plateau
Jul-11 22:49:12.896 [main] DEBUG nextflow.Session - Executor pool size: 8
Jul-11 22:49:12.908 [main] DEBUG nextflow.file.FilePorter - File porter settings maxRetries=3; maxTransfers=50; pollTimeout=null
Jul-11 22:49:12.918 [main] DEBUG nextflow.util.ThreadPoolBuilder - Creating thread pool 'FileTransfer' minSize=10; maxSize=24; workQueue=LinkedBlockingQueue[-1]; allowCoreThreadTimeout=false
Jul-11 22:49:12.948 [main] DEBUG nextflow.cli.CmdRun - 
  Version: 25.04.6 build 5954
  Created: 01-07-2025 11:27 UTC (07:27 CLST)
  System: Linux 6.8.0-60-generic
  Runtime: Groovy 4.0.26 on OpenJDK 64-Bit Server VM 17.0.15+6-Ubuntu-0ubuntu122.04
  Encoding: UTF-8 (UTF-8)
  Process: 61548@jseba-ThinkPad-T480 [127.0.1.1]
  CPUs: 8 - Mem: 15.4 GB (2.2 GB) - Swap: 2 GB (2 GB)
Jul-11 22:49:12.980 [main] DEBUG nextflow.Session - Work-dir: /home/jseba/Documents/UTEM/semester_3/tap/tarea-2/Tarea2-repo/nextflow/work [ext2/ext3]
Jul-11 22:49:12.981 [main] DEBUG nextflow.Session - Script base path does not exist or is not a directory: /home/jseba/Documents/UTEM/semester_3/tap/tarea-2/Tarea2-repo/nextflow/bin
Jul-11 22:49:12.994 [main] DEBUG nextflow.executor.ExecutorFactory - Extension executors providers=[]
Jul-11 22:49:13.009 [main] DEBUG nextflow.Session - Observer factory: DefaultObserverFactory
Jul-11 22:49:13.038 [main] DEBUG nextflow.Session - Observer factory (v2): LinObserverFactory
Jul-11 22:49:13.077 [main] DEBUG nextflow.cache.CacheFactory - Using Nextflow cache factory: nextflow.cache.DefaultCacheFactory
Jul-11 22:49:13.090 [main] DEBUG nextflow.util.CustomThreadPool - Creating default thread pool > poolSize: 9; maxThreads: 1000
Jul-11 22:49:13.162 [main] DEBUG nextflow.Session - Session start
Jul-11 22:49:13.511 [main] DEBUG nextflow.script.ScriptRunner - > Launching execution
Jul-11 22:49:13.640 [main] DEBUG nextflow.executor.ExecutorFactory - << taskConfig executor: null
Jul-11 22:49:13.641 [main] DEBUG nextflow.executor.ExecutorFactory - >> processorType: 'local'
Jul-11 22:49:13.649 [main] DEBUG nextflow.executor.Executor - [warm up] executor > local
Jul-11 22:49:13.658 [main] DEBUG n.processor.LocalPollingMonitor - Creating local task monitor for executor 'local' > cpus=8; memory=15.4 GB; capacity=8; pollInterval=100ms; dumpInterval=5m
Jul-11 22:49:13.662 [main] DEBUG n.processor.TaskPollingMonitor - >>> barrier register (monitor: local)
Jul-11 22:49:13.699 [main] DEBUG nextflow.processor.TaskProcessor - Creating process 'process_test': maxForks=0; fair=false; array=0
Jul-11 22:49:13.830 [main] DEBUG nextflow.Session - Workflow process names [dsl2]: process_test
Jul-11 22:49:13.835 [main] DEBUG nextflow.Session - Igniting dataflow network (1)
Jul-11 22:49:13.836 [main] DEBUG nextflow.processor.TaskProcessor - Starting process > process_test
Jul-11 22:49:13.837 [main] DEBUG nextflow.script.ScriptRunner - Parsed script files:
  Script_b7589f7359bef67e: /home/jseba/Documents/UTEM/semester_3/tap/tarea-2/Tarea2-repo/nextflow/main.nf
Jul-11 22:49:13.837 [main] DEBUG nextflow.script.ScriptRunner - > Awaiting termination 
Jul-11 22:49:13.837 [main] DEBUG nextflow.Session - Session await
Jul-11 22:49:14.093 [Task submitter] DEBUG n.executor.local.LocalTaskHandler - Launch cmd line: /bin/bash -ue .command.run
Jul-11 22:49:14.096 [Task submitter] INFO  nextflow.Session - [a2/8732a2] Submitted process > process_test (test process)
Jul-11 22:49:14.123 [Task monitor] DEBUG n.processor.TaskPollingMonitor - Task completed > TaskHandler[id: 1; name: process_test (test process); status: COMPLETED; exit: 0; error: -; workDir: /home/jseba/Documents/UTEM/semester_3/tap/tarea-2/Tarea2-repo/nextflow/work/a2/8732a2f17bfc2ba8b248f8352fe754]
Jul-11 22:49:14.125 [Task monitor] DEBUG nextflow.util.ThreadPoolBuilder - Creating thread pool 'TaskFinalizer' minSize=10; maxSize=24; workQueue=LinkedBlockingQueue[-1]; allowCoreThreadTimeout=false
Jul-11 22:49:14.149 [main] DEBUG nextflow.Session - Session await > all processes finished
Jul-11 22:49:14.215 [Task monitor] DEBUG n.processor.TaskPollingMonitor - <<< barrier arrives (monitor: local) - terminating tasks monitor poll loop
Jul-11 22:49:14.215 [main] DEBUG nextflow.Session - Session await > all barriers passed
Jul-11 22:49:14.219 [main] DEBUG nextflow.util.ThreadPoolManager - Thread pool 'TaskFinalizer' shutdown completed (hard=false)
Jul-11 22:49:14.231 [main] DEBUG n.trace.WorkflowStatsObserver - Workflow completed > WorkflowStats[succeededCount=1; failedCount=0; ignoredCount=0; cachedCount=0; pendingCount=0; submittedCount=0; runningCount=0; retriesCount=0; abortedCount=0; succeedDuration=6ms; failedDuration=0ms; cachedDuration=0ms;loadCpus=0; loadMemory=0; peakRunning=1; peakCpus=1; peakMemory=1 GB; ]
Jul-11 22:49:14.406 [main] DEBUG nextflow.cache.CacheDB - Closing CacheDB done
Jul-11 22:49:14.455 [main] DEBUG nextflow.util.ThreadPoolManager - Thread pool 'FileTransfer' shutdown completed (hard=false)
Jul-11 22:49:14.455 [main] DEBUG nextflow.script.ScriptRunner - > Execution complete -- Goodbye
